#! /c/Source/iverilog-install/bin/vvp
:ivl_version "12.0 (devel)" "(s20150603-1110-g18392a46)";
:ivl_delay_selection "TYPICAL";
:vpi_time_precision + 0;
:vpi_module "C:\PROGRA~1\iverilog\lib\ivl\system.vpi";
:vpi_module "C:\PROGRA~1\iverilog\lib\ivl\vhdl_sys.vpi";
:vpi_module "C:\PROGRA~1\iverilog\lib\ivl\vhdl_textio.vpi";
:vpi_module "C:\PROGRA~1\iverilog\lib\ivl\v2005_math.vpi";
:vpi_module "C:\PROGRA~1\iverilog\lib\ivl\va_math.vpi";
S_0000027833213ed0 .scope module, "t_add_sub_4_bit" "t_add_sub_4_bit" 2 2;
 .timescale 0 0;
v000002783327bf60_0 .var "A", 3 0;
v000002783327c0a0_0 .var "B", 3 0;
v000002783327c6e0_0 .net "C", 0 0, L_000002783327daf0;  1 drivers
v000002783327c140_0 .var "M", 0 0;
v000002783327c1e0_0 .net "S", 3 0, L_000002783327cfa0;  1 drivers
S_0000027833214330 .scope module, "FA" "add_sub_4_bit" 2 8, 3 2 0, S_0000027833213ed0;
 .timescale 0 0;
    .port_info 0 /OUTPUT 4 "S";
    .port_info 1 /OUTPUT 1 "Cout";
    .port_info 2 /INPUT 4 "A";
    .port_info 3 /INPUT 4 "B";
    .port_info 4 /INPUT 1 "M";
L_000002783327e260 .functor XOR 1, v000002783327c140_0, L_000002783327c780, C4<0>, C4<0>;
L_000002783327e110 .functor XOR 1, v000002783327c140_0, L_000002783327b920, C4<0>, C4<0>;
L_000002783327df50 .functor XOR 1, v000002783327c140_0, L_000002783327c820, C4<0>, C4<0>;
L_000002783327e2d0 .functor XOR 1, v000002783327c140_0, L_000002783327d220, C4<0>, C4<0>;
v000002783327bec0_0 .net "A", 3 0, v000002783327bf60_0;  1 drivers
v000002783327c640_0 .net "B", 3 0, v000002783327c0a0_0;  1 drivers
v000002783327c5a0_0 .net "Cout", 0 0, L_000002783327daf0;  alias, 1 drivers
v000002783327d540_0 .net "M", 0 0, v000002783327c140_0;  1 drivers
v000002783327bb00_0 .net "S", 3 0, L_000002783327cfa0;  alias, 1 drivers
v000002783327d0e0_0 .net *"_ivl_0", 0 0, L_000002783327e260;  1 drivers
v000002783327c000_0 .net *"_ivl_11", 0 0, L_000002783327c820;  1 drivers
v000002783327bd80_0 .net *"_ivl_12", 0 0, L_000002783327e2d0;  1 drivers
v000002783327c320_0 .net *"_ivl_16", 0 0, L_000002783327d220;  1 drivers
v000002783327c3c0_0 .net *"_ivl_3", 0 0, L_000002783327c780;  1 drivers
v000002783327d360_0 .net *"_ivl_4", 0 0, L_000002783327e110;  1 drivers
v000002783327d400_0 .net *"_ivl_7", 0 0, L_000002783327b920;  1 drivers
v000002783327d180_0 .net *"_ivl_8", 0 0, L_000002783327df50;  1 drivers
v000002783327c460_0 .net "c", 2 0, L_000002783327cc80;  1 drivers
v000002783327d7c0_0 .net "w", 3 0, L_000002783327cf00;  1 drivers
L_000002783327c780 .part v000002783327c0a0_0, 0, 1;
L_000002783327b920 .part v000002783327c0a0_0, 1, 1;
L_000002783327c820 .part v000002783327c0a0_0, 2, 1;
L_000002783327cf00 .concat8 [ 1 1 1 1], L_000002783327e260, L_000002783327e110, L_000002783327df50, L_000002783327e2d0;
L_000002783327d220 .part v000002783327c0a0_0, 3, 1;
L_000002783327d680 .part v000002783327bf60_0, 0, 1;
L_000002783327c8c0 .part L_000002783327cf00, 0, 1;
L_000002783327ca00 .part v000002783327bf60_0, 1, 1;
L_000002783327c960 .part L_000002783327cf00, 1, 1;
L_000002783327cb40 .part L_000002783327cc80, 0, 1;
L_000002783327cc80 .concat8 [ 1 1 1 0], L_000002783327db60, L_000002783327e030, L_000002783327da10;
L_000002783327cd20 .part v000002783327bf60_0, 2, 1;
L_000002783327d720 .part L_000002783327cf00, 2, 1;
L_000002783327b9c0 .part L_000002783327cc80, 1, 1;
L_000002783327cfa0 .concat8 [ 1 1 1 1], L_000002783327d930, L_000002783327dcb0, L_000002783327e570, L_000002783327e5e0;
L_000002783327bba0 .part v000002783327bf60_0, 3, 1;
L_000002783327bce0 .part L_000002783327cf00, 3, 1;
L_0000027833283870 .part L_000002783327cc80, 2, 1;
S_00000278332144c0 .scope module, "FA0" "full_adder" 3 15, 4 2 0, S_0000027833214330;
 .timescale 0 0;
    .port_info 0 /OUTPUT 1 "S";
    .port_info 1 /OUTPUT 1 "C";
    .port_info 2 /INPUT 1 "A";
    .port_info 3 /INPUT 1 "B";
    .port_info 4 /INPUT 1 "Cin";
L_000002783327db60 .functor OR 1, L_000002783327da80, L_000002783327dd90, C4<0>, C4<0>;
v000002783327a3b0_0 .net "A", 0 0, L_000002783327d680;  1 drivers
v0000027833279e10_0 .net "B", 0 0, L_000002783327c8c0;  1 drivers
v000002783327a770_0 .net "C", 0 0, L_000002783327db60;  1 drivers
v000002783327b170_0 .net "Cin", 0 0, v000002783327c140_0;  alias, 1 drivers
v000002783327ab30_0 .net "S", 0 0, L_000002783327d930;  1 drivers
v000002783327a8b0_0 .net "w1", 0 0, L_000002783327dc40;  1 drivers
v000002783327adb0_0 .net "w2", 0 0, L_000002783327da80;  1 drivers
v000002783327a9f0_0 .net "w3", 0 0, L_000002783327dd90;  1 drivers
S_0000027833220f90 .scope module, "A1" "half_adder" 4 7, 5 1 0, S_00000278332144c0;
 .timescale 0 0;
    .port_info 0 /OUTPUT 1 "S";
    .port_info 1 /OUTPUT 1 "C";
    .port_info 2 /INPUT 1 "A";
    .port_info 3 /INPUT 1 "B";
L_000002783327dc40 .functor XOR 1, L_000002783327d680, L_000002783327c8c0, C4<0>, C4<0>;
L_000002783327dd90 .functor AND 1, L_000002783327d680, L_000002783327c8c0, C4<1>, C4<1>;
v00000278332136d0_0 .net "A", 0 0, L_000002783327d680;  alias, 1 drivers
v000002783327a310_0 .net "B", 0 0, L_000002783327c8c0;  alias, 1 drivers
v000002783327b0d0_0 .net "C", 0 0, L_000002783327dd90;  alias, 1 drivers
v000002783327a950_0 .net "S", 0 0, L_000002783327dc40;  alias, 1 drivers
S_0000027833221120 .scope module, "A2" "half_adder" 4 8, 5 1 0, S_00000278332144c0;
 .timescale 0 0;
    .port_info 0 /OUTPUT 1 "S";
    .port_info 1 /OUTPUT 1 "C";
    .port_info 2 /INPUT 1 "A";
    .port_info 3 /INPUT 1 "B";
L_000002783327d930 .functor XOR 1, L_000002783327dc40, v000002783327c140_0, C4<0>, C4<0>;
L_000002783327da80 .functor AND 1, L_000002783327dc40, v000002783327c140_0, C4<1>, C4<1>;
v000002783327b210_0 .net "A", 0 0, L_000002783327dc40;  alias, 1 drivers
v000002783327a090_0 .net "B", 0 0, v000002783327c140_0;  alias, 1 drivers
v000002783327b7b0_0 .net "C", 0 0, L_000002783327da80;  alias, 1 drivers
v0000027833279d70_0 .net "S", 0 0, L_000002783327d930;  alias, 1 drivers
S_00000278332153a0 .scope module, "FA1" "full_adder" 3 16, 4 2 0, S_0000027833214330;
 .timescale 0 0;
    .port_info 0 /OUTPUT 1 "S";
    .port_info 1 /OUTPUT 1 "C";
    .port_info 2 /INPUT 1 "A";
    .port_info 3 /INPUT 1 "B";
    .port_info 4 /INPUT 1 "Cin";
L_000002783327e030 .functor OR 1, L_000002783327e420, L_000002783327e3b0, C4<0>, C4<0>;
v000002783327b5d0_0 .net "A", 0 0, L_000002783327ca00;  1 drivers
v0000027833279c30_0 .net "B", 0 0, L_000002783327c960;  1 drivers
v000002783327b670_0 .net "C", 0 0, L_000002783327e030;  1 drivers
v000002783327a1d0_0 .net "Cin", 0 0, L_000002783327cb40;  1 drivers
v000002783327aa90_0 .net "S", 0 0, L_000002783327dcb0;  1 drivers
v000002783327a4f0_0 .net "w1", 0 0, L_000002783327e340;  1 drivers
v000002783327b350_0 .net "w2", 0 0, L_000002783327e420;  1 drivers
v000002783327b710_0 .net "w3", 0 0, L_000002783327e3b0;  1 drivers
S_0000027833215530 .scope module, "A1" "half_adder" 4 7, 5 1 0, S_00000278332153a0;
 .timescale 0 0;
    .port_info 0 /OUTPUT 1 "S";
    .port_info 1 /OUTPUT 1 "C";
    .port_info 2 /INPUT 1 "A";
    .port_info 3 /INPUT 1 "B";
L_000002783327e340 .functor XOR 1, L_000002783327ca00, L_000002783327c960, C4<0>, C4<0>;
L_000002783327e3b0 .functor AND 1, L_000002783327ca00, L_000002783327c960, C4<1>, C4<1>;
v000002783327b530_0 .net "A", 0 0, L_000002783327ca00;  alias, 1 drivers
v000002783327a810_0 .net "B", 0 0, L_000002783327c960;  alias, 1 drivers
v000002783327b2b0_0 .net "C", 0 0, L_000002783327e3b0;  alias, 1 drivers
v000002783327b3f0_0 .net "S", 0 0, L_000002783327e340;  alias, 1 drivers
S_00000278332156c0 .scope module, "A2" "half_adder" 4 8, 5 1 0, S_00000278332153a0;
 .timescale 0 0;
    .port_info 0 /OUTPUT 1 "S";
    .port_info 1 /OUTPUT 1 "C";
    .port_info 2 /INPUT 1 "A";
    .port_info 3 /INPUT 1 "B";
L_000002783327dcb0 .functor XOR 1, L_000002783327e340, L_000002783327cb40, C4<0>, C4<0>;
L_000002783327e420 .functor AND 1, L_000002783327e340, L_000002783327cb40, C4<1>, C4<1>;
v0000027833279a50_0 .net "A", 0 0, L_000002783327e340;  alias, 1 drivers
v000002783327b490_0 .net "B", 0 0, L_000002783327cb40;  alias, 1 drivers
v000002783327a130_0 .net "C", 0 0, L_000002783327e420;  alias, 1 drivers
v000002783327abd0_0 .net "S", 0 0, L_000002783327dcb0;  alias, 1 drivers
S_00000278331ccfd0 .scope module, "FA2" "full_adder" 3 17, 4 2 0, S_0000027833214330;
 .timescale 0 0;
    .port_info 0 /OUTPUT 1 "S";
    .port_info 1 /OUTPUT 1 "C";
    .port_info 2 /INPUT 1 "A";
    .port_info 3 /INPUT 1 "B";
    .port_info 4 /INPUT 1 "Cin";
L_000002783327da10 .functor OR 1, L_000002783327de00, L_000002783327dd20, C4<0>, C4<0>;
v0000027833279af0_0 .net "A", 0 0, L_000002783327cd20;  1 drivers
v0000027833279b90_0 .net "B", 0 0, L_000002783327d720;  1 drivers
v0000027833279cd0_0 .net "C", 0 0, L_000002783327da10;  1 drivers
v000002783327a450_0 .net "Cin", 0 0, L_000002783327b9c0;  1 drivers
v000002783327a590_0 .net "S", 0 0, L_000002783327e570;  1 drivers
v000002783327ad10_0 .net "w1", 0 0, L_000002783327dbd0;  1 drivers
v000002783327aef0_0 .net "w2", 0 0, L_000002783327de00;  1 drivers
v000002783327a630_0 .net "w3", 0 0, L_000002783327dd20;  1 drivers
S_00000278331cd160 .scope module, "A1" "half_adder" 4 7, 5 1 0, S_00000278331ccfd0;
 .timescale 0 0;
    .port_info 0 /OUTPUT 1 "S";
    .port_info 1 /OUTPUT 1 "C";
    .port_info 2 /INPUT 1 "A";
    .port_info 3 /INPUT 1 "B";
L_000002783327dbd0 .functor XOR 1, L_000002783327cd20, L_000002783327d720, C4<0>, C4<0>;
L_000002783327dd20 .functor AND 1, L_000002783327cd20, L_000002783327d720, C4<1>, C4<1>;
v000002783327a270_0 .net "A", 0 0, L_000002783327cd20;  alias, 1 drivers
v000002783327b030_0 .net "B", 0 0, L_000002783327d720;  alias, 1 drivers
v0000027833279ff0_0 .net "C", 0 0, L_000002783327dd20;  alias, 1 drivers
v0000027833279eb0_0 .net "S", 0 0, L_000002783327dbd0;  alias, 1 drivers
S_00000278331cd2f0 .scope module, "A2" "half_adder" 4 8, 5 1 0, S_00000278331ccfd0;
 .timescale 0 0;
    .port_info 0 /OUTPUT 1 "S";
    .port_info 1 /OUTPUT 1 "C";
    .port_info 2 /INPUT 1 "A";
    .port_info 3 /INPUT 1 "B";
L_000002783327e570 .functor XOR 1, L_000002783327dbd0, L_000002783327b9c0, C4<0>, C4<0>;
L_000002783327de00 .functor AND 1, L_000002783327dbd0, L_000002783327b9c0, C4<1>, C4<1>;
v0000027833279910_0 .net "A", 0 0, L_000002783327dbd0;  alias, 1 drivers
v0000027833279f50_0 .net "B", 0 0, L_000002783327b9c0;  alias, 1 drivers
v00000278332799b0_0 .net "C", 0 0, L_000002783327de00;  alias, 1 drivers
v000002783327ac70_0 .net "S", 0 0, L_000002783327e570;  alias, 1 drivers
S_00000278331c6360 .scope module, "FA3" "full_adder" 3 18, 4 2 0, S_0000027833214330;
 .timescale 0 0;
    .port_info 0 /OUTPUT 1 "S";
    .port_info 1 /OUTPUT 1 "C";
    .port_info 2 /INPUT 1 "A";
    .port_info 3 /INPUT 1 "B";
    .port_info 4 /INPUT 1 "Cin";
L_000002783327daf0 .functor OR 1, L_000002783327e650, L_000002783327de70, C4<0>, C4<0>;
v000002783327be20_0 .net "A", 0 0, L_000002783327bba0;  1 drivers
v000002783327d2c0_0 .net "B", 0 0, L_000002783327bce0;  1 drivers
v000002783327d5e0_0 .net "C", 0 0, L_000002783327daf0;  alias, 1 drivers
v000002783327bc40_0 .net "Cin", 0 0, L_0000027833283870;  1 drivers
v000002783327d040_0 .net "S", 0 0, L_000002783327e5e0;  1 drivers
v000002783327c280_0 .net "w1", 0 0, L_000002783327e0a0;  1 drivers
v000002783327ce60_0 .net "w2", 0 0, L_000002783327e650;  1 drivers
v000002783327caa0_0 .net "w3", 0 0, L_000002783327de70;  1 drivers
S_00000278331c64f0 .scope module, "A1" "half_adder" 4 7, 5 1 0, S_00000278331c6360;
 .timescale 0 0;
    .port_info 0 /OUTPUT 1 "S";
    .port_info 1 /OUTPUT 1 "C";
    .port_info 2 /INPUT 1 "A";
    .port_info 3 /INPUT 1 "B";
L_000002783327e0a0 .functor XOR 1, L_000002783327bba0, L_000002783327bce0, C4<0>, C4<0>;
L_000002783327de70 .functor AND 1, L_000002783327bba0, L_000002783327bce0, C4<1>, C4<1>;
v000002783327a6d0_0 .net "A", 0 0, L_000002783327bba0;  alias, 1 drivers
v000002783327ae50_0 .net "B", 0 0, L_000002783327bce0;  alias, 1 drivers
v000002783327af90_0 .net "C", 0 0, L_000002783327de70;  alias, 1 drivers
v000002783327cbe0_0 .net "S", 0 0, L_000002783327e0a0;  alias, 1 drivers
S_00000278331c6680 .scope module, "A2" "half_adder" 4 8, 5 1 0, S_00000278331c6360;
 .timescale 0 0;
    .port_info 0 /OUTPUT 1 "S";
    .port_info 1 /OUTPUT 1 "C";
    .port_info 2 /INPUT 1 "A";
    .port_info 3 /INPUT 1 "B";
L_000002783327e5e0 .functor XOR 1, L_000002783327e0a0, L_0000027833283870, C4<0>, C4<0>;
L_000002783327e650 .functor AND 1, L_000002783327e0a0, L_0000027833283870, C4<1>, C4<1>;
v000002783327c500_0 .net "A", 0 0, L_000002783327e0a0;  alias, 1 drivers
v000002783327cdc0_0 .net "B", 0 0, L_0000027833283870;  alias, 1 drivers
v000002783327ba60_0 .net "C", 0 0, L_000002783327e650;  alias, 1 drivers
v000002783327d4a0_0 .net "S", 0 0, L_000002783327e5e0;  alias, 1 drivers
    .scope S_0000027833213ed0;
T_0 ;
    %vpi_call 2 11 "$dumpfile", "add_sub_4_bit.vcd" {0 0 0};
    %vpi_call 2 12 "$dumpvars", 32'sb00000000000000000000000000000000, S_0000027833213ed0 {0 0 0};
    %pushi/vec4 0, 0, 4;
    %store/vec4 v000002783327bf60_0, 0, 4;
    %pushi/vec4 0, 0, 4;
    %store/vec4 v000002783327c0a0_0, 0, 4;
    %pushi/vec4 0, 0, 1;
    %store/vec4 v000002783327c140_0, 0, 1;
    %delay 10, 0;
    %pushi/vec4 8, 0, 4;
    %store/vec4 v000002783327bf60_0, 0, 4;
    %pushi/vec4 4, 0, 4;
    %store/vec4 v000002783327c0a0_0, 0, 4;
    %pushi/vec4 0, 0, 1;
    %store/vec4 v000002783327c140_0, 0, 1;
    %delay 40, 0;
    %pushi/vec4 12, 0, 4;
    %store/vec4 v000002783327bf60_0, 0, 4;
    %pushi/vec4 8, 0, 4;
    %store/vec4 v000002783327c0a0_0, 0, 4;
    %pushi/vec4 1, 0, 1;
    %store/vec4 v000002783327c140_0, 0, 1;
    %end;
    .thread T_0;
    .scope S_0000027833213ed0;
T_1 ;
    %vpi_call 2 18 "$monitor", "Input: A=%b B=%b M=%b Output: %b", v000002783327bf60_0, v000002783327c0a0_0, v000002783327c140_0, v000002783327c1e0_0 {0 0 0};
    %end;
    .thread T_1;
# The file index is used to find the file name in the following table.
:file_names 6;
    "N/A";
    "<interactive>";
    "t_add_sub_4_bit.v";
    "./add_sub_4_bit.v";
    "./full_adder.v";
    "./half_adder.v";
