#! /c/Source/iverilog-install/bin/vvp
:ivl_version "12.0 (devel)" "(s20150603-1110-g18392a46)";
:ivl_delay_selection "TYPICAL";
:vpi_time_precision + 0;
:vpi_module "C:\PROGRA~1\iverilog\lib\ivl\system.vpi";
:vpi_module "C:\PROGRA~1\iverilog\lib\ivl\vhdl_sys.vpi";
:vpi_module "C:\PROGRA~1\iverilog\lib\ivl\vhdl_textio.vpi";
:vpi_module "C:\PROGRA~1\iverilog\lib\ivl\v2005_math.vpi";
:vpi_module "C:\PROGRA~1\iverilog\lib\ivl\va_math.vpi";
S_0000027cfcffb4b0 .scope module, "t_D_latch" "t_D_latch" 2 2;
 .timescale 0 0;
v0000027cfcffa150_0 .var "D", 0 0;
v0000027cfcffbb20_0 .net "Q", 0 0, v0000027cfd0458f0_0;  1 drivers
v0000027cfcffbbc0_0 .var "enable", 0 0;
S_0000027cfcffb990 .scope module, "L1" "D_latch" 2 5, 3 1 0, S_0000027cfcffb4b0;
 .timescale 0 0;
    .port_info 0 /INPUT 1 "D";
    .port_info 1 /INPUT 1 "enable";
    .port_info 2 /OUTPUT 1 "Q";
v0000027cfcffb640_0 .net "D", 0 0, v0000027cfcffa150_0;  1 drivers
v0000027cfd0458f0_0 .var "Q", 0 0;
v0000027cfcffa0b0_0 .net "enable", 0 0, v0000027cfcffbbc0_0;  1 drivers
E_0000027cfcffcda0 .event anyedge, v0000027cfcffa0b0_0, v0000027cfcffb640_0;
    .scope S_0000027cfcffb990;
T_0 ;
    %wait E_0000027cfcffcda0;
    %load/vec4 v0000027cfcffa0b0_0;
    %pad/u 32;
    %cmpi/e 1, 0, 32;
    %jmp/0xz  T_0.0, 4;
    %load/vec4 v0000027cfcffb640_0;
    %store/vec4 v0000027cfd0458f0_0, 0, 1;
T_0.0 ;
    %jmp T_0;
    .thread T_0, $push;
    .scope S_0000027cfcffb4b0;
T_1 ;
    %vpi_call 2 8 "$dumpfile", "D_latch.vcd" {0 0 0};
    %vpi_call 2 9 "$dumpvars", 32'sb00000000000000000000000000000000, S_0000027cfcffb990 {0 0 0};
    %delay 2, 0;
    %pushi/vec4 0, 0, 1;
    %store/vec4 v0000027cfcffbbc0_0, 0, 1;
    %delay 8, 0;
    %pushi/vec4 0, 0, 1;
    %store/vec4 v0000027cfcffa150_0, 0, 1;
    %delay 10, 0;
    %pushi/vec4 1, 0, 1;
    %store/vec4 v0000027cfcffa150_0, 0, 1;
    %delay 10, 0;
    %pushi/vec4 1, 0, 1;
    %store/vec4 v0000027cfcffbbc0_0, 0, 1;
    %delay 10, 0;
    %pushi/vec4 0, 0, 1;
    %store/vec4 v0000027cfcffa150_0, 0, 1;
    %delay 10, 0;
    %pushi/vec4 1, 0, 1;
    %store/vec4 v0000027cfcffa150_0, 0, 1;
    %delay 10, 0;
    %pushi/vec4 0, 0, 1;
    %store/vec4 v0000027cfcffbbc0_0, 0, 1;
    %delay 10, 0;
    %pushi/vec4 0, 0, 1;
    %store/vec4 v0000027cfcffa150_0, 0, 1;
    %delay 10, 0;
    %pushi/vec4 1, 0, 1;
    %store/vec4 v0000027cfcffa150_0, 0, 1;
    %delay 10, 0;
    %vpi_call 2 19 "$finish" {0 0 0};
    %end;
    .thread T_1;
    .scope S_0000027cfcffb4b0;
T_2 ;
    %vpi_call 2 21 "$monitor", "D=%b Enable=%b Q=%b", v0000027cfcffa150_0, v0000027cfcffbbc0_0, v0000027cfcffbb20_0 {0 0 0};
    %end;
    .thread T_2;
# The file index is used to find the file name in the following table.
:file_names 4;
    "N/A";
    "<interactive>";
    "t_D_latch.v";
    "./D_latch.v";
